#
# A fatal error has been detected by the Java Runtime Environment:
#
#  SIGSEGV (0xb) at pc=0x00007fff8d322b73, pid=5435, tid=59151
#
# JRE version: Java(TM) SE Runtime Environment (8.0_74-b02) (build 1.8.0_74-b02)
# Java VM: Java HotSpot(TM) 64-Bit Server VM (25.74-b02 mixed mode bsd-amd64 compressed oops)
# Problematic frame:
# C  [libobjc.A.dylib+0x9b73]  weak_register_no_lock+0x40
#
# Failed to write core dump. Core dumps have been disabled. To enable core dumping, try "ulimit -c unlimited" before starting Java again
#
# If you would like to submit a bug report, please visit:
#   http://bugreport.java.com/bugreport/crash.jsp
# The crash happened outside the Java Virtual Machine in native code.
# See problematic frame for where to report the bug.
#

---------------  T H R E A D  ---------------

Current thread (0x00007ffccb894800):  JavaThread "AWT-EventQueue-0" [_thread_in_native, id=59151, stack(0x00000001a014a000,0x00000001a024a000)]

siginfo: si_signo: 11 (SIGSEGV), si_code: 0 (unknown), si_addr: 0x0000000000000000

Registers:
RAX=0xe000000000000000, RBX=0x00007ffccebdbf80, RCX=0x000000000000e70f, RDX=0x00007ffccea9bf88
RSP=0x00000001a0242550, RBP=0x00000001a02425b0, RSI=0x00007ffccebdbf80, RDI=0x00007fff757f3228
R8 =0x000000000000007f, R9 =0x00007ffccebdbf80, R10=0x00007ffccbc1c950, R11=0x0000000000000002
R12=0x00007fff769c4070, R13=0x00007fff757f1e80, R14=0x00007fff757f3228, R15=0x00007ffccea9bf88
RIP=0x00007fff8d322b73, EFLAGS=0x0000000000010246, ERR=0x0000000000000000
  TRAPNO=0x000000000000000d

Top of Stack: (sp=0x00000001a0242550)
0x00000001a0242550:   4038000000000000 401c000000000000
0x00000001a0242560:   0000000000000000 0000000000000011
0x00000001a0242570:   00000001a02425b0 00007fff90527dd2
0x00000001a0242580:   8a006b414bc94c41 00007fff757f1e80
0x00000001a0242590:   0000000000000000 00007fff757f1e80
0x00000001a02425a0:   00007ffccea9bf88 00007fff757f3200
0x00000001a02425b0:   00000001a0242610 00007fff8d322ac7
0x00000001a02425c0:   0000000000001390 00007ffccebdbf80
0x00000001a02425d0:   0000000000001380 00007ffccea9bf88
0x00000001a02425e0:   0000000000000000 0000000000000000
0x00000001a02425f0:   0000000000000000 0000002500000026
0x00000001a0242600:   00007ffccebdbf80 00007ffccea9bf50
0x00000001a0242610:   00000001a02426f0 00007fff90d2083a
0x00000001a0242620:   0000000000001001 00000001026f5400
0x00000001a0242630:   4038000000000000 0000000000000080
0x00000001a0242640:   00000000965f9ef8 00000001026f1000
0x00000001a0242650:   0000000000000001 0000001c00000007
0x00000001a0242660:   0000000000000025 00007ffccea9bff0
0x00000001a0242670:   0000000000000026 0000000000000000
0x00000001a0242680:   00007ffccea9a090 00007fff74538888
0x00000001a0242690:   0000000000000000 0000000000000000
0x00000001a02426a0:   4038000000000000 4022000000000000
0x00000001a02426b0:   0000000102721000 0000000000000080
0x00000001a02426c0:   8a006b414bc94c41 0000000000000000
0x00000001a02426d0:   00000001a0244700 0000000000000000
0x00000001a02426e0:   0000000000000000 00007fff74514988
0x00000001a02426f0:   00000001a0242890 00007fff8475418e
0x00000001a0242700:   0000000000000000 0000000000000000
0x00000001a0242710:   4038000000000000 4022000000000000
0x00000001a0242720:   00000001026f4a00 0000000000000003
0x00000001a0242730:   00000001026f1000 00007ffcccfe9683
0x00000001a0242740:   0000000000000009 00000001026f5400 

Instructions: (pc=0x00007fff8d322b73)
0x00007fff8d322b53:   e8 49 8b 04 24 48 89 45 d0 31 c0 48 85 db 0f 84
0x00007fff8d322b63:   e0 00 00 00 f6 c3 01 0f 85 d4 00 00 00 48 8b 03
0x00007fff8d322b73:   f6 40 20 02 74 11 48 89 df e8 21 7a 01 00 84 c0
0x00007fff8d322b83:   74 3b e9 db 00 00 00 4c 8d 2d b7 df 4c e8 49 8b 

Register to memory mapping:

RAX=0xe000000000000000 is an unknown value
RBX=0x00007ffccebdbf80 is an unknown value
RCX=0x000000000000e70f is an unknown value
RDX=0x00007ffccea9bf88 is an unknown value
RSP=0x00000001a0242550 is pointing into the stack for thread: 0x00007ffccb894800
RBP=0x00000001a02425b0 is pointing into the stack for thread: 0x00007ffccb894800
RSI=0x00007ffccebdbf80 is an unknown value
RDI=0x00007fff757f3228: _ZN12_GLOBAL__N_19SideTable9table_bufE+0x13a8 in /usr/lib/libobjc.A.dylib at 0x00007fff8d319000
R8 =0x000000000000007f is an unknown value
R9 =0x00007ffccebdbf80 is an unknown value
R10=0x00007ffccbc1c950 is an unknown value
R11=0x0000000000000002 is an unknown value
R12=0x00007fff769c4070: __stack_chk_guard+0 in /usr/lib/system/libsystem_c.dylib at 0x00007fff93d38000
R13=0x00007fff757f1e80: _ZN12_GLOBAL__N_19SideTable9table_bufE+0 in /usr/lib/libobjc.A.dylib at 0x00007fff8d319000
R14=0x00007fff757f3228: _ZN12_GLOBAL__N_19SideTable9table_bufE+0x13a8 in /usr/lib/libobjc.A.dylib at 0x00007fff8d319000
R15=0x00007ffccea9bf88 is an unknown value


Stack: [0x00000001a014a000,0x00000001a024a000],  sp=0x00000001a0242550,  free space=993k
Native frames: (J=compiled Java code, j=interpreted, Vv=VM code, C=native code)
C  [libobjc.A.dylib+0x9b73]  weak_register_no_lock+0x40
C  [libobjc.A.dylib+0x9ac7]  objc_storeWeak+0xe9
C  [CoreUI+0xb683a]  csiCompressImageProviderCopyImageBlockSetWithOptions+0x3f0
C  [CoreGraphics+0x3518e]  img_blocks_create+0x1c0
C  [CoreGraphics+0x240f5]  img_data_lock+0x750
C  [CoreGraphics+0x22a1e]  CGSImageDataLock+0x97
C  [libRIP.A.dylib+0xda52]  ripc_AcquireImage+0x38a
C  [libRIP.A.dylib+0x15b73]  ripc_DrawImages+0x8a1
C  [CoreGraphics+0x6afdb]  CGContextDrawImages+0xc0
C  [CoreUI+0x9b345]  DrawNinePartImageWithOperation+0x153d
C  [CoreUI+0x99de8]  DrawNinePartElementFromRenditionWithOperation+0x1d7
C  [CoreUI+0xa0c67]  -[CUIThemeFacet _drawSpecificRenditionKey:rendition:inFrame:context:alpha:operation:isFocused:isFlipped:]+0x2be
C  [CoreUI+0xa08bb]  -[CUIThemeFacet _drawSpecificRenditionKey:inFrame:context:isFocused:isFlipped:]+0xa3
C  [CoreUI+0x9ec98]  -[CUIThemeFacet drawInFrame:isFocused:context:]+0x89
C  [CoreUI+0xedda]  CUICoreThemeRenderer::DrawSimple(CUIRenditionKey*, CUIDescriptor const*, signed char)+0x232
C  [CoreUI+0x35d6f]  CUICoreThemeRenderer::Draw(CUIDescriptor const*, CGAffineTransform, CUIReturnInfo&)+0x5b
C  [CoreUI+0x9391]  CUIRenderer::Draw(CGRect, CGContext*, __CFDictionary const*, __CFDictionary const**)+0x8e3
C  [CoreUI+0x45d6e]  CUIDraw+0xd9
C  [JavaRuntimeSupport+0x3cec]  -[_JRSYosemiteAndLaterRenderer draw:inContext:withBounds:]+0x144
C  [JavaRuntimeSupport+0x3866]  JRSUIControlDraw+0x3d
C  [libosxui.dylib+0x2628]  doPaintImage+0x15e
C  [libosxui.dylib+0x279c]  Java_apple_laf_JRSUIControl_paintImage+0x27
j  apple.laf.JRSUIControl.paintImage([IIIJJJDDDD)I+0
j  apple.laf.JRSUIControl.paintImage([IIIDDDD)I+33
j  apple.laf.JRSUIControl.paint([IIIDDDD)V+12
j  com.apple.laf.AquaPainter$AquaSingleImagePainter.createImage(IIIILjava/awt/Rectangle;Lapple/laf/JRSUIControl;Lapple/laf/JRSUIState;)Ljava/awt/Image;+74
j  com.apple.laf.AquaPainter$AquaSingleImagePainter.lambda$paintFromSingleCachedImage$0(IILjava/awt/Rectangle;Lapple/laf/JRSUIControl;Lapple/laf/JRSUIState;Ljava/lang/Integer;Ljava/lang/Integer;)Ljava/awt/Image;+16
j  com.apple.laf.AquaPainter$AquaSingleImagePainter$$Lambda$15.apply(Ljava/lang/Object;Ljava/lang/Object;)Ljava/lang/Object;+28
j  sun.awt.image.MultiResolutionCachedImage.getResolutionVariant(II)Ljava/awt/Image;+41
j  sun.awt.image.MultiResolutionCachedImage.getBaseImage()Ljava/awt/Image;+9
j  sun.awt.image.AbstractMultiResolutionImage.getWidth(Ljava/awt/image/ImageObserver;)I+1
j  sun.awt.image.MultiResolutionCachedImage.getWidth(Ljava/awt/image/ImageObserver;)I+8
j  sun.java2d.SunGraphics2D.drawImage(Ljava/awt/Image;IIIILjava/awt/Color;Ljava/awt/image/ImageObserver;)Z+20
j  sun.java2d.SunGraphics2D.drawImage(Ljava/awt/Image;IIIILjava/awt/image/ImageObserver;)Z+11
j  com.apple.laf.AquaPainter$AquaSingleImagePainter.paintFromSingleCachedImage(Ljava/awt/Graphics2D;Lapple/laf/JRSUIControl;Lapple/laf/JRSUIState;Ljava/awt/Rectangle;)V+169
j  com.apple.laf.AquaPainter$AquaSingleImagePainter.paint(Ljava/awt/Graphics2D;Lapple/laf/JRSUIState;)V+10
j  com.apple.laf.AquaPainter.paint(Ljava/awt/Graphics;Ljava/awt/Component;IIII)V+40
j  com.apple.laf.AquaButtonBorder.doButtonPaint(Ljavax/swing/AbstractButton;Ljavax/swing/ButtonModel;Ljava/awt/Graphics;IIII)V+14
j  com.apple.laf.AquaButtonBorder$Dynamic.doButtonPaint(Ljavax/swing/AbstractButton;Ljavax/swing/ButtonModel;Ljava/awt/Graphics;IIII)V+101
j  com.apple.laf.AquaButtonBorder.paintButton(Ljava/awt/Component;Ljava/awt/Graphics;IIII)V+159
j  com.apple.laf.AquaButtonUI.paint(Ljava/awt/Graphics;Ljavax/swing/JComponent;)V+149
j  javax.swing.plaf.ComponentUI.update(Ljava/awt/Graphics;Ljavax/swing/JComponent;)V+32
j  javax.swing.JComponent.paintComponent(Ljava/awt/Graphics;)V+26
j  javax.swing.JComponent.paint(Ljava/awt/Graphics;)V+286
j  javax.swing.JComponent.paintChildren(Ljava/awt/Graphics;)V+501
j  javax.swing.JComponent.paint(Ljava/awt/Graphics;)V+318
j  javax.swing.JComponent.paintChildren(Ljava/awt/Graphics;)V+501
j  javax.swing.JComponent.paint(Ljava/awt/Graphics;)V+318
j  javax.swing.JComponent.paintToOffscreen(Ljava/awt/Graphics;IIIIII)V+41
j  javax.swing.RepaintManager$PaintManager.paintDoubleBuffered(Ljavax/swing/JComponent;Ljava/awt/Image;Ljava/awt/Graphics;IIII)V+163
j  javax.swing.RepaintManager$PaintManager.paint(Ljavax/swing/JComponent;Ljavax/swing/JComponent;Ljava/awt/Graphics;IIII)Z+116
j  javax.swing.RepaintManager.paint(Ljavax/swing/JComponent;Ljavax/swing/JComponent;Ljava/awt/Graphics;IIII)V+51
j  javax.swing.JComponent._paintImmediately(IIII)V+683
j  javax.swing.JComponent.paintImmediately(IIII)V+138
j  javax.swing.RepaintManager$4.run()Ljava/lang/Void;+81
j  javax.swing.RepaintManager$4.run()Ljava/lang/Object;+1
v  ~StubRoutines::call_stub
V  [libjvm.dylib+0x2ea39e]  JavaCalls::call_helper(JavaValue*, methodHandle*, JavaCallArguments*, Thread*)+0x6ae
V  [libjvm.dylib+0x34a8c8]  JVM_DoPrivileged+0x4b8
j  java.security.AccessController.doPrivileged(Ljava/security/PrivilegedAction;Ljava/security/AccessControlContext;)Ljava/lang/Object;+0
j  java.security.ProtectionDomain$JavaSecurityAccessImpl.doIntersectionPrivilege(Ljava/security/PrivilegedAction;Ljava/security/AccessControlContext;Ljava/security/AccessControlContext;)Ljava/lang/Object;+18
j  javax.swing.RepaintManager.paintDirtyRegions(Ljava/util/Map;)V+154
j  javax.swing.RepaintManager.paintDirtyRegions()V+46
j  javax.swing.RepaintManager.prePaintDirtyRegions()V+73
j  javax.swing.RepaintManager.access$1200(Ljavax/swing/RepaintManager;)V+1
j  javax.swing.RepaintManager$ProcessingRunnable.run()V+37
j  java.awt.event.InvocationEvent.dispatch()V+47
j  java.awt.EventQueue.dispatchEventImpl(Ljava/awt/AWTEvent;Ljava/lang/Object;)V+21
j  java.awt.EventQueue.access$500(Ljava/awt/EventQueue;Ljava/awt/AWTEvent;Ljava/lang/Object;)V+3
j  java.awt.EventQueue$3.run()Ljava/lang/Void;+32
j  java.awt.EventQueue$3.run()Ljava/lang/Object;+1
v  ~StubRoutines::call_stub
V  [libjvm.dylib+0x2ea39e]  JavaCalls::call_helper(JavaValue*, methodHandle*, JavaCallArguments*, Thread*)+0x6ae
V  [libjvm.dylib+0x34a8c8]  JVM_DoPrivileged+0x4b8
j  java.security.AccessController.doPrivileged(Ljava/security/PrivilegedAction;Ljava/security/AccessControlContext;)Ljava/lang/Object;+0
j  java.security.ProtectionDomain$JavaSecurityAccessImpl.doIntersectionPrivilege(Ljava/security/PrivilegedAction;Ljava/security/AccessControlContext;Ljava/security/AccessControlContext;)Ljava/lang/Object;+18
j  java.awt.EventQueue.dispatchEvent(Ljava/awt/AWTEvent;)V+46
j  java.awt.EventDispatchThread.pumpOneEventForFilters(I)V+245
j  java.awt.EventDispatchThread.pumpEventsForFilter(ILjava/awt/Conditional;Ljava/awt/EventFilter;)V+35
j  java.awt.EventDispatchThread.pumpEventsForHierarchy(ILjava/awt/Conditional;Ljava/awt/Component;)V+11
j  java.awt.EventDispatchThread.pumpEvents(ILjava/awt/Conditional;)V+4
j  java.awt.EventDispatchThread.pumpEvents(Ljava/awt/Conditional;)V+3
j  java.awt.EventDispatchThread.run()V+9
v  ~StubRoutines::call_stub
V  [libjvm.dylib+0x2ea39e]  JavaCalls::call_helper(JavaValue*, methodHandle*, JavaCallArguments*, Thread*)+0x6ae
V  [libjvm.dylib+0x2eab2c]  JavaCalls::call_virtual(JavaValue*, KlassHandle, Symbol*, Symbol*, JavaCallArguments*, Thread*)+0x164
V  [libjvm.dylib+0x2eacd8]  JavaCalls::call_virtual(JavaValue*, Handle, KlassHandle, Symbol*, Symbol*, Thread*)+0x4a
V  [libjvm.dylib+0x345255]  thread_entry(JavaThread*, Thread*)+0x7c
V  [libjvm.dylib+0x560e03]  JavaThread::thread_main_inner()+0x9b
V  [libjvm.dylib+0x5624fe]  JavaThread::run()+0x1c2
V  [libjvm.dylib+0x482eda]  java_start(Thread*)+0xf6
C  [libsystem_pthread.dylib+0x405a]  _pthread_body+0x83
C  [libsystem_pthread.dylib+0x3fd7]  _pthread_body+0x0
C  [libsystem_pthread.dylib+0x13ed]  thread_start+0xd
C  0x0000000000000000

Java frames: (J=compiled Java code, j=interpreted, Vv=VM code)
j  apple.laf.JRSUIControl.paintImage([IIIJJJDDDD)I+0
j  apple.laf.JRSUIControl.paintImage([IIIDDDD)I+33
j  apple.laf.JRSUIControl.paint([IIIDDDD)V+12
j  com.apple.laf.AquaPainter$AquaSingleImagePainter.createImage(IIIILjava/awt/Rectangle;Lapple/laf/JRSUIControl;Lapple/laf/JRSUIState;)Ljava/awt/Image;+74
j  com.apple.laf.AquaPainter$AquaSingleImagePainter.lambda$paintFromSingleCachedImage$0(IILjava/awt/Rectangle;Lapple/laf/JRSUIControl;Lapple/laf/JRSUIState;Ljava/lang/Integer;Ljava/lang/Integer;)Ljava/awt/Image;+16
j  com.apple.laf.AquaPainter$AquaSingleImagePainter$$Lambda$15.apply(Ljava/lang/Object;Ljava/lang/Object;)Ljava/lang/Object;+28
j  sun.awt.image.MultiResolutionCachedImage.getResolutionVariant(II)Ljava/awt/Image;+41
j  sun.awt.image.MultiResolutionCachedImage.getBaseImage()Ljava/awt/Image;+9
j  sun.awt.image.AbstractMultiResolutionImage.getWidth(Ljava/awt/image/ImageObserver;)I+1
j  sun.awt.image.MultiResolutionCachedImage.getWidth(Ljava/awt/image/ImageObserver;)I+8
j  sun.java2d.SunGraphics2D.drawImage(Ljava/awt/Image;IIIILjava/awt/Color;Ljava/awt/image/ImageObserver;)Z+20
j  sun.java2d.SunGraphics2D.drawImage(Ljava/awt/Image;IIIILjava/awt/image/ImageObserver;)Z+11
j  com.apple.laf.AquaPainter$AquaSingleImagePainter.paintFromSingleCachedImage(Ljava/awt/Graphics2D;Lapple/laf/JRSUIControl;Lapple/laf/JRSUIState;Ljava/awt/Rectangle;)V+169
j  com.apple.laf.AquaPainter$AquaSingleImagePainter.paint(Ljava/awt/Graphics2D;Lapple/laf/JRSUIState;)V+10
j  com.apple.laf.AquaPainter.paint(Ljava/awt/Graphics;Ljava/awt/Component;IIII)V+40
j  com.apple.laf.AquaButtonBorder.doButtonPaint(Ljavax/swing/AbstractButton;Ljavax/swing/ButtonModel;Ljava/awt/Graphics;IIII)V+14
j  com.apple.laf.AquaButtonBorder$Dynamic.doButtonPaint(Ljavax/swing/AbstractButton;Ljavax/swing/ButtonModel;Ljava/awt/Graphics;IIII)V+101
j  com.apple.laf.AquaButtonBorder.paintButton(Ljava/awt/Component;Ljava/awt/Graphics;IIII)V+159
j  com.apple.laf.AquaButtonUI.paint(Ljava/awt/Graphics;Ljavax/swing/JComponent;)V+149
j  javax.swing.plaf.ComponentUI.update(Ljava/awt/Graphics;Ljavax/swing/JComponent;)V+32
j  javax.swing.JComponent.paintComponent(Ljava/awt/Graphics;)V+26
j  javax.swing.JComponent.paint(Ljava/awt/Graphics;)V+286
j  javax.swing.JComponent.paintChildren(Ljava/awt/Graphics;)V+501
j  javax.swing.JComponent.paint(Ljava/awt/Graphics;)V+318
j  javax.swing.JComponent.paintChildren(Ljava/awt/Graphics;)V+501
j  javax.swing.JComponent.paint(Ljava/awt/Graphics;)V+318
j  javax.swing.JComponent.paintToOffscreen(Ljava/awt/Graphics;IIIIII)V+41
j  javax.swing.RepaintManager$PaintManager.paintDoubleBuffered(Ljavax/swing/JComponent;Ljava/awt/Image;Ljava/awt/Graphics;IIII)V+163
j  javax.swing.RepaintManager$PaintManager.paint(Ljavax/swing/JComponent;Ljavax/swing/JComponent;Ljava/awt/Graphics;IIII)Z+116
j  javax.swing.RepaintManager.paint(Ljavax/swing/JComponent;Ljavax/swing/JComponent;Ljava/awt/Graphics;IIII)V+51
j  javax.swing.JComponent._paintImmediately(IIII)V+683
j  javax.swing.JComponent.paintImmediately(IIII)V+138
j  javax.swing.RepaintManager$4.run()Ljava/lang/Void;+81
j  javax.swing.RepaintManager$4.run()Ljava/lang/Object;+1
v  ~StubRoutines::call_stub
j  java.security.AccessController.doPrivileged(Ljava/security/PrivilegedAction;Ljava/security/AccessControlContext;)Ljava/lang/Object;+0
j  java.security.ProtectionDomain$JavaSecurityAccessImpl.doIntersectionPrivilege(Ljava/security/PrivilegedAction;Ljava/security/AccessControlContext;Ljava/security/AccessControlContext;)Ljava/lang/Object;+18
j  javax.swing.RepaintManager.paintDirtyRegions(Ljava/util/Map;)V+154
j  javax.swing.RepaintManager.paintDirtyRegions()V+46
j  javax.swing.RepaintManager.prePaintDirtyRegions()V+73
j  javax.swing.RepaintManager.access$1200(Ljavax/swing/RepaintManager;)V+1
j  javax.swing.RepaintManager$ProcessingRunnable.run()V+37
j  java.awt.event.InvocationEvent.dispatch()V+47
j  java.awt.EventQueue.dispatchEventImpl(Ljava/awt/AWTEvent;Ljava/lang/Object;)V+21
j  java.awt.EventQueue.access$500(Ljava/awt/EventQueue;Ljava/awt/AWTEvent;Ljava/lang/Object;)V+3
j  java.awt.EventQueue$3.run()Ljava/lang/Void;+32
j  java.awt.EventQueue$3.run()Ljava/lang/Object;+1
v  ~StubRoutines::call_stub
j  java.security.AccessController.doPrivileged(Ljava/security/PrivilegedAction;Ljava/security/AccessControlContext;)Ljava/lang/Object;+0
j  java.security.ProtectionDomain$JavaSecurityAccessImpl.doIntersectionPrivilege(Ljava/security/PrivilegedAction;Ljava/security/AccessControlContext;Ljava/security/AccessControlContext;)Ljava/lang/Object;+18
j  java.awt.EventQueue.dispatchEvent(Ljava/awt/AWTEvent;)V+46
j  java.awt.EventDispatchThread.pumpOneEventForFilters(I)V+245
j  java.awt.EventDispatchThread.pumpEventsForFilter(ILjava/awt/Conditional;Ljava/awt/EventFilter;)V+35
j  java.awt.EventDispatchThread.pumpEventsForHierarchy(ILjava/awt/Conditional;Ljava/awt/Component;)V+11
j  java.awt.EventDispatchThread.pumpEvents(ILjava/awt/Conditional;)V+4
j  java.awt.EventDispatchThread.pumpEvents(Ljava/awt/Conditional;)V+3
j  java.awt.EventDispatchThread.run()V+9
v  ~StubRoutines::call_stub

---------------  P R O C E S S  ---------------

Java Threads: ( => current thread )
  0x00007ffcca9f5800 JavaThread "Thread-0" [_thread_blocked, id=65355, stack(0x00000001fb435000,0x00000001fb535000)]
  0x00007ffccb547800 JavaThread "TimerQueue" daemon [_thread_blocked, id=66379, stack(0x00000001fb13a000,0x00000001fb23a000)]
=>0x00007ffccb894800 JavaThread "AWT-EventQueue-0" [_thread_in_native, id=59151, stack(0x00000001a014a000,0x00000001a024a000)]
  0x00007ffcca80b000 JavaThread "Java2D Disposer" daemon [_thread_blocked, id=58903, stack(0x000000019f343000,0x000000019f443000)]
  0x00007ffccc0c5000 JavaThread "Java2D Queue Flusher" daemon [_thread_blocked, id=38935, stack(0x000000019e3ba000,0x000000019e4ba000)]
  0x00007ffccb220800 JavaThread "AWT-Shutdown" [_thread_blocked, id=29975, stack(0x000000019b9b1000,0x000000019bab1000)]
  0x00007ffccc0ab000 JavaThread "DestroyJavaVM" [_thread_blocked, id=4867, stack(0x0000000103f90000,0x0000000104090000)]
  0x00007ffccb20f800 JavaThread "BlueJ worker thread" [_thread_blocked, id=51459, stack(0x000000019e258000,0x000000019e358000)]
  0x00007ffccb20c800 JavaThread "main" [_thread_blocked, id=50955, stack(0x000000019e155000,0x000000019e255000)]
  0x00007ffccb20a800 JavaThread "AppKit Thread" daemon [_thread_in_native, id=1811, stack(0x00007fff5cd2a000,0x00007fff5d52a000)]
  0x00007ffccb838800 JavaThread "Service Thread" daemon [_thread_blocked, id=19715, stack(0x0000000199e75000,0x0000000199f75000)]
  0x00007ffccb058000 JavaThread "C1 CompilerThread2" daemon [_thread_blocked, id=19203, stack(0x0000000199d72000,0x0000000199e72000)]
  0x00007ffccb057800 JavaThread "C2 CompilerThread1" daemon [_thread_blocked, id=18691, stack(0x0000000199c6f000,0x0000000199d6f000)]
  0x00007ffccb84a000 JavaThread "C2 CompilerThread0" daemon [_thread_blocked, id=18179, stack(0x0000000199b6c000,0x0000000199c6c000)]
  0x00007ffcca808000 JavaThread "JDWP Command Reader" daemon [_thread_in_native, id=17667, stack(0x0000000199a69000,0x0000000199b69000)]
  0x00007ffccb840000 JavaThread "JDWP Event Helper Thread" daemon [_thread_blocked, id=17155, stack(0x0000000199966000,0x0000000199a66000)]
  0x00007ffccb04b800 JavaThread "JDWP Transport Listener: dt_socket" daemon [_thread_blocked, id=16643, stack(0x0000000199863000,0x0000000199963000)]
  0x00007ffccb04b000 JavaThread "Signal Dispatcher" daemon [_thread_blocked, id=13847, stack(0x0000000199759000,0x0000000199859000)]
  0x00007ffccb824000 JavaThread "Finalizer" daemon [_thread_blocked, id=11523, stack(0x0000000197d35000,0x0000000197e35000)]
  0x00007ffccb804000 JavaThread "Reference Handler" daemon [_thread_blocked, id=11011, stack(0x0000000197c32000,0x0000000197d32000)]

Other Threads:
  0x00007ffccc011000 VMThread [stack: 0x0000000197b2f000,0x0000000197c2f000] [id=10499]
  0x00007ffccb061000 WatcherThread [stack: 0x0000000199f78000,0x000000019a078000] [id=20227]

VM state:not at safepoint (normal execution)

VM Mutex/Monitor currently owned by a thread: None

Heap:
 PSYoungGen      total 18944K, used 11941K [0x000000013e300000, 0x000000013f800000, 0x0000000153800000)
  eden space 16384K, 72% used [0x000000013e300000,0x000000013eea9618,0x000000013f300000)
  from space 2560K, 0% used [0x000000013f580000,0x000000013f580000,0x000000013f800000)
  to   space 2560K, 0% used [0x000000013f300000,0x000000013f300000,0x000000013f580000)
 ParOldGen       total 44032K, used 0K [0x0000000113800000, 0x0000000116300000, 0x000000013e300000)
  object space 44032K, 0% used [0x0000000113800000,0x0000000113800000,0x0000000116300000)
 Metaspace       used 11839K, capacity 12054K, committed 12416K, reserved 1060864K
  class space    used 1540K, capacity 1628K, committed 1664K, reserved 1048576K

Card table byte_map: [0x0000000153800000,0x0000000153a01000] byte_map_base: 0x0000000152f64000

Marking Bits: (ParMarkBitMap*) 0x00000001038e3ea0
 Begin Bits: [0x0000000153e60000, 0x0000000154e60000)
 End Bits:   [0x0000000154e60000, 0x0000000155e60000)

Polling page: 0x00000001027fa000

CodeCache: size=245760Kb used=2490Kb max_used=2490Kb free=243269Kb
 bounds [0x0000000104123000, 0x0000000104393000, 0x0000000113123000]
 total_blobs=1126 nmethods=622 adapters=426
 compilation: enabled

Compilation events (10 events):
Event: 10.315 Thread 0x00007ffccb058000  625       3       sun.java2d.pipe.RenderQueue::unlock (4 bytes)
Event: 10.316 Thread 0x00007ffccb058000 nmethod 625 0x0000000104390c90 code [0x0000000104390e20, 0x0000000104391188]
Event: 10.316 Thread 0x00007ffccb058000  626       3       sun.awt.SunToolkit::awtUnlock (7 bytes)
Event: 10.316 Thread 0x00007ffccb058000 nmethod 626 0x0000000104391310 code [0x0000000104391480, 0x0000000104391768]
Event: 10.316 Thread 0x00007ffccb058000  627       1       sun.java2d.pipe.Region::getLoX (5 bytes)
Event: 10.316 Thread 0x00007ffccb058000 nmethod 627 0x0000000104391890 code [0x00000001043919e0, 0x0000000104391af0]
Event: 10.316 Thread 0x00007ffccb058000  628       3       sun.java2d.pipe.RenderQueue::ensureAlignment (28 bytes)
Event: 10.317 Thread 0x00007ffccb058000 nmethod 628 0x0000000104391b50 code [0x0000000104391cc0, 0x0000000104392050]
Event: 10.317 Thread 0x00007ffccb058000  629       3       sun.java2d.SunGraphics2D::invalidatePipe (41 bytes)
Event: 10.317 Thread 0x00007ffccb058000 nmethod 629 0x0000000104392190 code [0x0000000104392300, 0x00000001043924f0]

GC Heap History (0 events):
No events

Deoptimization events (3 events):
Event: 9.731 Thread 0x00007ffccb894800 Uncommon trap: reason=unstable_if action=reinterpret pc=0x000000010432b360 method=java.lang.CharacterData.of(I)Ljava/lang/CharacterData; @ 4
Event: 10.288 Thread 0x00007ffccb20c800 Uncommon trap: reason=class_check action=maybe_recompile pc=0x0000000104296a34 method=java.lang.String.equals(Ljava/lang/Object;)Z @ 8
Event: 10.288 Thread 0x00007ffccb20c800 Uncommon trap: reason=class_check action=maybe_recompile pc=0x0000000104296a34 method=java.lang.String.equals(Ljava/lang/Object;)Z @ 8

Internal exceptions (10 events):
Event: 0.477 Thread 0x00007ffccb805000 Exception <a 'java/security/PrivilegedActionException'> (0x000000013e46ed10) thrown at [/Users/java_re/workspace/8-2-build-macosx-x86_64/jdk8u74/6087/hotspot/src/share/vm/prims/jvm.cpp, line 1386]
Event: 0.477 Thread 0x00007ffccb805000 Exception <a 'java/security/PrivilegedActionException'> (0x000000013e46ef20) thrown at [/Users/java_re/workspace/8-2-build-macosx-x86_64/jdk8u74/6087/hotspot/src/share/vm/prims/jvm.cpp, line 1386]
Event: 0.520 Thread 0x00007ffccb805000 Exception <a 'java/security/PrivilegedActionException'> (0x000000013e4c42f0) thrown at [/Users/java_re/workspace/8-2-build-macosx-x86_64/jdk8u74/6087/hotspot/src/share/vm/prims/jvm.cpp, line 1386]
Event: 0.520 Thread 0x00007ffccb805000 Exception <a 'java/security/PrivilegedActionException'> (0x000000013e4c4500) thrown at [/Users/java_re/workspace/8-2-build-macosx-x86_64/jdk8u74/6087/hotspot/src/share/vm/prims/jvm.cpp, line 1386]
Event: 0.521 Thread 0x00007ffccb805000 Exception <a 'java/security/PrivilegedActionException'> (0x000000013e4ca318) thrown at [/Users/java_re/workspace/8-2-build-macosx-x86_64/jdk8u74/6087/hotspot/src/share/vm/prims/jvm.cpp, line 1386]
Event: 0.521 Thread 0x00007ffccb805000 Exception <a 'java/security/PrivilegedActionException'> (0x000000013e4ca528) thrown at [/Users/java_re/workspace/8-2-build-macosx-x86_64/jdk8u74/6087/hotspot/src/share/vm/prims/jvm.cpp, line 1386]
Event: 0.589 Thread 0x00007ffccb805000 Exception <a 'java/lang/NoSuchFieldError': method resolution failed> (0x000000013e599a98) thrown at [/Users/java_re/workspace/8-2-build-macosx-x86_64/jdk8u74/6087/hotspot/src/share/vm/prims/methodHandles.cpp, line 1146]
Event: 0.592 Thread 0x00007ffccb805000 Exception <a 'java/lang/NoSuchFieldError': method resolution failed> (0x000000013e5a7268) thrown at [/Users/java_re/workspace/8-2-build-macosx-x86_64/jdk8u74/6087/hotspot/src/share/vm/prims/methodHandles.cpp, line 1146]
Event: 0.753 Thread 0x00007ffccb805000 Exception <a 'java/io/FileNotFoundException'> (0x000000013e622520) thrown at [/Users/java_re/workspace/8-2-build-macosx-x86_64/jdk8u74/6087/hotspot/src/share/vm/prims/jni.cpp, line 709]
Event: 0.753 Thread 0x00007ffccb805000 Exception <a 'java/io/FileNotFoundException'> (0x000000013e623250) thrown at [/Users/java_re/workspace/8-2-build-macosx-x86_64/jdk8u74/6087/hotspot/src/share/vm/prims/jni.cpp, line 709]

Events (10 events):
Event: 10.293 Executing VM operation: RevokeBias
Event: 10.293 Executing VM operation: RevokeBias done
Event: 10.295 loading class ImageExercise
Event: 10.295 loading class ImageExercise done
Event: 10.301 Executing VM operation: RevokeBias
Event: 10.301 Executing VM operation: RevokeBias done
Event: 10.308 loading class ecs100/UIButtonListener
Event: 10.308 loading class ecs100/UIButtonListener done
Event: 10.316 Executing VM operation: RevokeBias
Event: 10.317 Executing VM operation: RevokeBias done


Dynamic libraries:
0x000000000443e000 	/System/Library/Frameworks/Cocoa.framework/Versions/A/Cocoa
0x000000000443e000 	/System/Library/Frameworks/Security.framework/Versions/A/Security
0x000000000443e000 	/System/Library/Frameworks/ApplicationServices.framework/Versions/A/ApplicationServices
0x000000000443e000 	/usr/lib/libz.1.dylib
0x000000000443e000 	/usr/lib/libSystem.B.dylib
0x000000000443e000 	/usr/lib/libobjc.A.dylib
0x000000000443e000 	/System/Library/Frameworks/CoreFoundation.framework/Versions/A/CoreFoundation
0x000000000443e000 	/System/Library/Frameworks/Foundation.framework/Versions/C/Foundation
0x000000000443e000 	/System/Library/Frameworks/AppKit.framework/Versions/C/AppKit
0x000000000443e000 	/System/Library/Frameworks/CoreData.framework/Versions/A/CoreData
0x000000000443e000 	/System/Library/PrivateFrameworks/RemoteViewServices.framework/Versions/A/RemoteViewServices
0x000000000443e000 	/System/Library/PrivateFrameworks/UIFoundation.framework/Versions/A/UIFoundation
0x000000000443e000 	/System/Library/Frameworks/IOSurface.framework/Versions/A/IOSurface
0x000000000443e000 	/System/Library/Frameworks/AudioToolbox.framework/Versions/A/AudioToolbox
0x000000000443e000 	/System/Library/Frameworks/AudioUnit.framework/Versions/A/AudioUnit
0x000000000443e000 	/System/Library/PrivateFrameworks/DataDetectorsCore.framework/Versions/A/DataDetectorsCore
0x000000000443e000 	/System/Library/PrivateFrameworks/DesktopServicesPriv.framework/Versions/A/DesktopServicesPriv
0x000000000443e000 	/System/Library/Frameworks/Carbon.framework/Versions/A/Frameworks/HIToolbox.framework/Versions/A/HIToolbox
0x000000000443e000 	/System/Library/Frameworks/QuartzCore.framework/Versions/A/QuartzCore
0x000000000443e000 	/System/Library/Frameworks/Carbon.framework/Versions/A/Frameworks/SpeechRecognition.framework/Versions/A/SpeechRecognition
0x000000000443e000 	/usr/lib/libauto.dylib
0x000000000443e000 	/usr/lib/libicucore.A.dylib
0x000000000443e000 	/usr/lib/libxml2.2.dylib
0x000000000443e000 	/System/Library/PrivateFrameworks/CoreUI.framework/Versions/A/CoreUI
0x000000000443e000 	/System/Library/Frameworks/CoreAudio.framework/Versions/A/CoreAudio
0x000000000443e000 	/System/Library/Frameworks/DiskArbitration.framework/Versions/A/DiskArbitration
0x000000000443e000 	/usr/lib/liblangid.dylib
0x000000000443e000 	/System/Library/PrivateFrameworks/MultitouchSupport.framework/Versions/A/MultitouchSupport
0x000000000443e000 	/System/Library/Frameworks/IOKit.framework/Versions/A/IOKit
0x000000000443e000 	/usr/lib/libDiagnosticMessagesClient.dylib
0x000000000443e000 	/System/Library/Frameworks/CoreServices.framework/Versions/A/CoreServices
0x000000000443e000 	/System/Library/PrivateFrameworks/PerformanceAnalysis.framework/Versions/A/PerformanceAnalysis
0x000000000443e000 	/System/Library/PrivateFrameworks/GenerationalStorage.framework/Versions/A/GenerationalStorage
0x000000000443e000 	/System/Library/Frameworks/OpenGL.framework/Versions/A/OpenGL
0x000000000443e000 	/System/Library/PrivateFrameworks/Sharing.framework/Versions/A/Sharing
0x000000000443e000 	/System/Library/Frameworks/CoreGraphics.framework/Versions/A/CoreGraphics
0x000000000443e000 	/System/Library/Frameworks/CoreText.framework/Versions/A/CoreText
0x000000000443e000 	/System/Library/Frameworks/ImageIO.framework/Versions/A/ImageIO
0x000000000443e000 	/usr/lib/libextension.dylib
0x000000000443e000 	/System/Library/PrivateFrameworks/Backup.framework/Versions/A/Backup
0x000000000443e000 	/usr/lib/libarchive.2.dylib
0x000000000443e000 	/System/Library/Frameworks/CFNetwork.framework/Versions/A/CFNetwork
0x000000000443e000 	/System/Library/Frameworks/SystemConfiguration.framework/Versions/A/SystemConfiguration
0x000000000443e000 	/usr/lib/libCRFSuite.dylib
0x000000000443e000 	/usr/lib/libc++.1.dylib
0x000000000443e000 	/usr/lib/libc++abi.dylib
0x000000000443e000 	/usr/lib/system/libcache.dylib
0x000000000443e000 	/usr/lib/system/libcommonCrypto.dylib
0x000000000443e000 	/usr/lib/system/libcompiler_rt.dylib
0x000000000443e000 	/usr/lib/system/libcopyfile.dylib
0x000000000443e000 	/usr/lib/system/libcorecrypto.dylib
0x000000000443e000 	/usr/lib/system/libdispatch.dylib
0x000000000443e000 	/usr/lib/system/libdyld.dylib
0x000000000443e000 	/usr/lib/system/libkeymgr.dylib
0x000000000443e000 	/usr/lib/system/liblaunch.dylib
0x000000000443e000 	/usr/lib/system/libmacho.dylib
0x000000000443e000 	/usr/lib/system/libquarantine.dylib
0x000000000443e000 	/usr/lib/system/libremovefile.dylib
0x000000000443e000 	/usr/lib/system/libsystem_asl.dylib
0x000000000443e000 	/usr/lib/system/libsystem_blocks.dylib
0x000000000443e000 	/usr/lib/system/libsystem_c.dylib
0x000000000443e000 	/usr/lib/system/libsystem_configuration.dylib
0x000000000443e000 	/usr/lib/system/libsystem_coreservices.dylib
0x000000000443e000 	/usr/lib/system/libsystem_coretls.dylib
0x000000000443e000 	/usr/lib/system/libsystem_dnssd.dylib
0x000000000443e000 	/usr/lib/system/libsystem_info.dylib
0x000000000443e000 	/usr/lib/system/libsystem_kernel.dylib
0x000000000443e000 	/usr/lib/system/libsystem_m.dylib
0x000000000443e000 	/usr/lib/system/libsystem_malloc.dylib
0x000000000443e000 	/usr/lib/system/libsystem_network.dylib
0x000000000443e000 	/usr/lib/system/libsystem_networkextension.dylib
0x000000000443e000 	/usr/lib/system/libsystem_notify.dylib
0x000000000443e000 	/usr/lib/system/libsystem_platform.dylib
0x000000000443e000 	/usr/lib/system/libsystem_pthread.dylib
0x000000000443e000 	/usr/lib/system/libsystem_sandbox.dylib
0x000000000443e000 	/usr/lib/system/libsystem_secinit.dylib
0x000000000443e000 	/usr/lib/system/libsystem_stats.dylib
0x000000000443e000 	/usr/lib/system/libsystem_trace.dylib
0x000000000443e000 	/usr/lib/system/libunc.dylib
0x000000000443e000 	/usr/lib/system/libunwind.dylib
0x000000000443e000 	/usr/lib/system/libxpc.dylib
0x000000000443e000 	/usr/lib/libbz2.1.0.dylib
0x000000000443e000 	/usr/lib/liblzma.5.dylib
0x000000000443e000 	/usr/lib/libbsm.0.dylib
0x000000000443e000 	/usr/lib/libsqlite3.dylib
0x000000000443e000 	/usr/lib/system/libkxld.dylib
0x000000000443e000 	/usr/lib/libxar.1.dylib
0x000000000443e000 	/usr/lib/libpam.2.dylib
0x000000000443e000 	/usr/lib/libOpenScriptingUtil.dylib
0x000000000443e000 	/System/Library/Frameworks/CoreServices.framework/Versions/A/Frameworks/FSEvents.framework/Versions/A/FSEvents
0x000000000443e000 	/System/Library/Frameworks/CoreServices.framework/Versions/A/Frameworks/CarbonCore.framework/Versions/A/CarbonCore
0x000000000443e000 	/System/Library/Frameworks/CoreServices.framework/Versions/A/Frameworks/Metadata.framework/Versions/A/Metadata
0x000000000443e000 	/System/Library/Frameworks/CoreServices.framework/Versions/A/Frameworks/OSServices.framework/Versions/A/OSServices
0x000000000443e000 	/System/Library/Frameworks/CoreServices.framework/Versions/A/Frameworks/SearchKit.framework/Versions/A/SearchKit
0x000000000443e000 	/System/Library/Frameworks/CoreServices.framework/Versions/A/Frameworks/AE.framework/Versions/A/AE
0x000000000443e000 	/System/Library/Frameworks/CoreServices.framework/Versions/A/Frameworks/LaunchServices.framework/Versions/A/LaunchServices
0x000000000443e000 	/System/Library/Frameworks/CoreServices.framework/Versions/A/Frameworks/DictionaryServices.framework/Versions/A/DictionaryServices
0x000000000443e000 	/System/Library/Frameworks/NetFS.framework/Versions/A/NetFS
0x000000000443e000 	/System/Library/PrivateFrameworks/NetAuth.framework/Versions/A/NetAuth
0x000000000443e000 	/System/Library/PrivateFrameworks/login.framework/Versions/A/Frameworks/loginsupport.framework/Versions/A/loginsupport
0x000000000443e000 	/System/Library/PrivateFrameworks/TCC.framework/Versions/A/TCC
0x000000000443e000 	/usr/lib/libmecabra.dylib
0x000000000443e000 	/System/Library/Frameworks/ApplicationServices.framework/Versions/A/Frameworks/ATS.framework/Versions/A/ATS
0x000000000443e000 	/System/Library/Frameworks/ApplicationServices.framework/Versions/A/Frameworks/ColorSync.framework/Versions/A/ColorSync
0x000000000443e000 	/System/Library/Frameworks/ApplicationServices.framework/Versions/A/Frameworks/HIServices.framework/Versions/A/HIServices
0x000000000443e000 	/System/Library/Frameworks/ApplicationServices.framework/Versions/A/Frameworks/LangAnalysis.framework/Versions/A/LangAnalysis
0x000000000443e000 	/System/Library/Frameworks/ApplicationServices.framework/Versions/A/Frameworks/PrintCore.framework/Versions/A/PrintCore
0x000000000443e000 	/System/Library/Frameworks/ApplicationServices.framework/Versions/A/Frameworks/QD.framework/Versions/A/QD
0x000000000443e000 	/System/Library/Frameworks/ApplicationServices.framework/Versions/A/Frameworks/SpeechSynthesis.framework/Versions/A/SpeechSynthesis
0x000000000443e000 	/System/Library/Frameworks/Accelerate.framework/Versions/A/Accelerate
0x000000000443e000 	/System/Library/Frameworks/Accelerate.framework/Versions/A/Frameworks/vImage.framework/Versions/A/vImage
0x000000000443e000 	/System/Library/Frameworks/Accelerate.framework/Versions/A/Frameworks/vecLib.framework/Versions/A/vecLib
0x000000000443e000 	/System/Library/Frameworks/Accelerate.framework/Versions/A/Frameworks/vecLib.framework/Versions/A/libvDSP.dylib
0x000000000443e000 	/System/Library/Frameworks/Accelerate.framework/Versions/A/Frameworks/vecLib.framework/Versions/A/libvMisc.dylib
0x000000000443e000 	/System/Library/Frameworks/Accelerate.framework/Versions/A/Frameworks/vecLib.framework/Versions/A/libLAPACK.dylib
0x000000000443e000 	/System/Library/Frameworks/Accelerate.framework/Versions/A/Frameworks/vecLib.framework/Versions/A/libBLAS.dylib
0x000000000443e000 	/System/Library/Frameworks/Accelerate.framework/Versions/A/Frameworks/vecLib.framework/Versions/A/libLinearAlgebra.dylib
0x000000000443e000 	/System/Library/Frameworks/ApplicationServices.framework/Versions/A/Frameworks/ATS.framework/Versions/A/Resources/libFontParser.dylib
0x000000000443e000 	/System/Library/Frameworks/ApplicationServices.framework/Versions/A/Frameworks/ATS.framework/Versions/A/Resources/libFontRegistry.dylib
0x000000000443e000 	/System/Library/PrivateFrameworks/AppleVPA.framework/Versions/A/AppleVPA
0x000000000443e000 	/System/Library/PrivateFrameworks/AppleJPEG.framework/Versions/A/AppleJPEG
0x000000000443e000 	/System/Library/Frameworks/ImageIO.framework/Versions/A/Resources/libJPEG.dylib
0x000000000443e000 	/System/Library/Frameworks/ImageIO.framework/Versions/A/Resources/libTIFF.dylib
0x000000000443e000 	/System/Library/Frameworks/ImageIO.framework/Versions/A/Resources/libPng.dylib
0x000000000443e000 	/System/Library/Frameworks/ImageIO.framework/Versions/A/Resources/libGIF.dylib
0x000000000443e000 	/System/Library/Frameworks/ImageIO.framework/Versions/A/Resources/libJP2.dylib
0x000000000443e000 	/System/Library/Frameworks/ImageIO.framework/Versions/A/Resources/libRadiance.dylib
0x000000000443e000 	/System/Library/Frameworks/CoreVideo.framework/Versions/A/CoreVideo
0x000000000443e000 	/System/Library/Frameworks/OpenGL.framework/Versions/A/Libraries/libGLU.dylib
0x000000000443e000 	/System/Library/Frameworks/OpenGL.framework/Versions/A/Libraries/libGFXShared.dylib
0x000000000443e000 	/System/Library/Frameworks/OpenGL.framework/Versions/A/Libraries/libGL.dylib
0x000000000443e000 	/System/Library/Frameworks/OpenGL.framework/Versions/A/Libraries/libGLImage.dylib
0x000000000443e000 	/System/Library/Frameworks/OpenGL.framework/Versions/A/Libraries/libCVMSPluginSupport.dylib
0x000000000443e000 	/System/Library/Frameworks/OpenGL.framework/Versions/A/Libraries/libCoreVMClient.dylib
0x000000000443e000 	/usr/lib/libcups.2.dylib
0x000000000443e000 	/System/Library/Frameworks/Kerberos.framework/Versions/A/Kerberos
0x000000000443e000 	/System/Library/Frameworks/GSS.framework/Versions/A/GSS
0x000000000443e000 	/usr/lib/libresolv.9.dylib
0x000000000443e000 	/usr/lib/libiconv.2.dylib
0x000000000443e000 	/System/Library/PrivateFrameworks/Heimdal.framework/Versions/A/Heimdal
0x000000000443e000 	/usr/lib/libheimdal-asn1.dylib
0x000000000443e000 	/System/Library/Frameworks/OpenDirectory.framework/Versions/A/OpenDirectory
0x000000000443e000 	/System/Library/PrivateFrameworks/CommonAuth.framework/Versions/A/CommonAuth
0x000000000443e000 	/System/Library/Frameworks/OpenDirectory.framework/Versions/A/Frameworks/CFOpenDirectory.framework/Versions/A/CFOpenDirectory
0x000000000443e000 	/System/Library/Frameworks/SecurityFoundation.framework/Versions/A/SecurityFoundation
0x000000000443e000 	/System/Library/PrivateFrameworks/LanguageModeling.framework/Versions/A/LanguageModeling
0x000000000443e000 	/usr/lib/libcmph.dylib
0x000000000443e000 	/System/Library/Frameworks/ServiceManagement.framework/Versions/A/ServiceManagement
0x000000000443e000 	/usr/lib/libxslt.1.dylib
0x000000000443e000 	/System/Library/Frameworks/Carbon.framework/Versions/A/Frameworks/Ink.framework/Versions/A/Ink
0x000000000443e000 	/System/Library/Frameworks/QuartzCore.framework/Versions/A/Frameworks/CoreImage.framework/Versions/A/CoreImage
0x000000000443e000 	/System/Library/PrivateFrameworks/CrashReporterSupport.framework/Versions/A/CrashReporterSupport
0x000000000443e000 	/System/Library/Frameworks/OpenCL.framework/Versions/A/OpenCL
0x000000000443e000 	/System/Library/PrivateFrameworks/FaceCore.framework/Versions/A/FaceCore
0x000000000443e000 	/System/Library/PrivateFrameworks/Ubiquity.framework/Versions/A/Ubiquity
0x000000000443e000 	/System/Library/PrivateFrameworks/IconServices.framework/Versions/A/IconServices
0x000000000443e000 	/System/Library/PrivateFrameworks/ChunkingLibrary.framework/Versions/A/ChunkingLibrary
0x000000000443e000 	/System/Library/PrivateFrameworks/Apple80211.framework/Versions/A/Apple80211
0x000000000443e000 	/System/Library/Frameworks/CoreWLAN.framework/Versions/A/CoreWLAN
0x000000000443e000 	/System/Library/Frameworks/IOBluetooth.framework/Versions/A/IOBluetooth
0x000000000443e000 	/System/Library/PrivateFrameworks/CoreWiFi.framework/Versions/A/CoreWiFi
0x000000000443e000 	/System/Library/Frameworks/CoreBluetooth.framework/Versions/A/CoreBluetooth
0x000000000443e000 	/System/Library/PrivateFrameworks/DebugSymbols.framework/Versions/A/DebugSymbols
0x000000000443e000 	/System/Library/PrivateFrameworks/CoreSymbolication.framework/Versions/A/CoreSymbolication
0x000000000443e000 	/System/Library/PrivateFrameworks/Symbolication.framework/Versions/A/Symbolication
0x000000000443e000 	/System/Library/PrivateFrameworks/SpeechRecognitionCore.framework/Versions/A/SpeechRecognitionCore
0x0000000103000000 	/Users/Jackgan/Desktop/BlueJ 3.1.7/BlueJ.app/Contents/Frameworks/jdk.framework/Versions/A/Contents/Home/jre/lib/server/libjvm.dylib
0x000000000443e000 	/usr/lib/libstdc++.6.dylib
0x00000001027ec000 	/Users/Jackgan/Desktop/BlueJ 3.1.7/BlueJ.app/Contents/Frameworks/jdk.framework/Versions/A/Contents/Home/jre/lib/libverify.dylib
0x0000000104092000 	/Users/Jackgan/Desktop/BlueJ 3.1.7/BlueJ.app/Contents/Frameworks/jdk.framework/Versions/A/Contents/Home/jre/lib/libjava.dylib
0x00000001040c7000 	/Users/Jackgan/Desktop/BlueJ 3.1.7/BlueJ.app/Contents/Frameworks/jdk.framework/Versions/A/Contents/Home/jre/lib/libjdwp.dylib
0x00000001027fb000 	/Users/Jackgan/Desktop/BlueJ 3.1.7/BlueJ.app/Contents/Frameworks/jdk.framework/Versions/A/Contents/Home/jre/lib/libnpt.dylib
0x000000010411a000 	/Users/Jackgan/Desktop/BlueJ 3.1.7/BlueJ.app/Contents/Frameworks/jdk.framework/Versions/A/Contents/Home/jre/lib/libzip.dylib
0x0000000197e37000 	/System/Library/Frameworks/JavaVM.framework/Frameworks/JavaRuntimeSupport.framework/JavaRuntimeSupport
0x0000000197e52000 	/System/Library/Frameworks/JavaVM.framework/Versions/A/Frameworks/JavaNativeFoundation.framework/Versions/A/JavaNativeFoundation
0x0000000197e67000 	/System/Library/Frameworks/JavaVM.framework/Versions/A/JavaVM
0x000000000443e000 	/System/Library/Frameworks/Carbon.framework/Versions/A/Carbon
0x0000000197e74000 	/System/Library/PrivateFrameworks/JavaLaunching.framework/Versions/A/JavaLaunching
0x000000000443e000 	/System/Library/Frameworks/Carbon.framework/Versions/A/Frameworks/CommonPanels.framework/Versions/A/CommonPanels
0x000000000443e000 	/System/Library/Frameworks/Carbon.framework/Versions/A/Frameworks/Help.framework/Versions/A/Help
0x000000000443e000 	/System/Library/Frameworks/Carbon.framework/Versions/A/Frameworks/ImageCapture.framework/Versions/A/ImageCapture
0x000000000443e000 	/System/Library/Frameworks/Carbon.framework/Versions/A/Frameworks/OpenScripting.framework/Versions/A/OpenScripting
0x000000000443e000 	/System/Library/Frameworks/Carbon.framework/Versions/A/Frameworks/Print.framework/Versions/A/Print
0x000000000443e000 	/System/Library/Frameworks/Carbon.framework/Versions/A/Frameworks/SecurityHI.framework/Versions/A/SecurityHI
0x000000019985b000 	/Users/Jackgan/Desktop/BlueJ 3.1.7/BlueJ.app/Contents/Frameworks/jdk.framework/Versions/A/Contents/Home/jre/lib/libdt_socket.dylib
0x000000019a0c9000 	/Users/Jackgan/Desktop/BlueJ 3.1.7/BlueJ.app/Contents/Frameworks/jdk.framework/Versions/A/Contents/Home/jre/lib/libawt.dylib
0x000000019a171000 	/Users/Jackgan/Desktop/BlueJ 3.1.7/BlueJ.app/Contents/Frameworks/jdk.framework/Versions/A/Contents/Home/jre/lib/./libmlib_image.dylib
0x000000019a23d000 	/Users/Jackgan/Desktop/BlueJ 3.1.7/BlueJ.app/Contents/Frameworks/jdk.framework/Versions/A/Contents/Home/jre/lib/libawt_lwawt.dylib
0x000000019a2f2000 	/Users/Jackgan/Desktop/BlueJ 3.1.7/BlueJ.app/Contents/Frameworks/jdk.framework/Versions/A/Contents/Home/jre/lib/./libosxapp.dylib
0x000000000443e000 	/System/Library/Frameworks/ExceptionHandling.framework/Versions/A/ExceptionHandling
0x000000000443e000 	/System/Library/PrivateFrameworks/CoreServicesInternal.framework/Versions/A/CoreServicesInternal
0x000000000443e000 	/System/Library/PrivateFrameworks/CloudDocs.framework/Versions/A/CloudDocs
0x000000000443e000 	/System/Library/PrivateFrameworks/CoreDuet.framework/Versions/A/CoreDuet
0x000000000443e000 	/System/Library/Frameworks/CloudKit.framework/Versions/A/CloudKit
0x000000000443e000 	/System/Library/PrivateFrameworks/ProtocolBuffer.framework/Versions/A/ProtocolBuffer
0x000000000443e000 	/System/Library/PrivateFrameworks/CoreDuetDaemonProtocol.framework/Versions/A/CoreDuetDaemonProtocol
0x000000000443e000 	/System/Library/PrivateFrameworks/CoreDuetDebugLogging.framework/Versions/A/CoreDuetDebugLogging
0x000000000443e000 	/System/Library/PrivateFrameworks/MMCS.framework/Versions/A/MMCS
0x000000000443e000 	/System/Library/Frameworks/CoreLocation.framework/Versions/A/CoreLocation
0x000000000443e000 	/System/Library/PrivateFrameworks/ProtectedCloudStorage.framework/Versions/A/ProtectedCloudStorage
0x000000000443e000 	/System/Library/PrivateFrameworks/GeoServices.framework/Versions/A/GeoServices
0x000000000443e000 	/System/Library/Frameworks/CoreGraphics.framework/Versions/A/Resources/libCGCMS.A.dylib
0x000000000443e000 	/System/Library/CoreServices/RawCamera.bundle/Contents/MacOS/RawCamera
0x000000000443e000 	/System/Library/Frameworks/CoreGraphics.framework/Versions/A/Resources/libRIP.A.dylib
0x000000000443e000 	/System/Library/Frameworks/CoreGraphics.framework/Versions/A/Resources/libCGXType.A.dylib
0x000000000443e000 	/System/Library/Frameworks/OpenCL.framework/Versions/A/Libraries/libcldcpuengine.dylib
0x000000000443e000 	/System/Library/PrivateFrameworks/DiskImages.framework/Versions/A/DiskImages
0x000000000443e000 	/System/Library/Frameworks/DiscRecording.framework/Versions/A/DiscRecording
0x000000000443e000 	/usr/lib/libcsfde.dylib
0x000000000443e000 	/usr/lib/libcurl.4.dylib
0x000000000443e000 	/System/Library/PrivateFrameworks/MediaKit.framework/Versions/A/MediaKit
0x000000000443e000 	/usr/lib/libCoreStorage.dylib
0x000000000443e000 	/System/Library/PrivateFrameworks/EFILogin.framework/Versions/A/EFILogin
0x000000000443e000 	/usr/lib/libutil.dylib
0x000000000443e000 	/System/Library/PrivateFrameworks/FindMyDevice.framework/Versions/A/FindMyDevice
0x000000000443e000 	/System/Library/Frameworks/LDAP.framework/Versions/A/LDAP
0x000000000443e000 	/usr/lib/libsasl2.2.dylib
0x000000000443e000 	/System/Library/PrivateFrameworks/CoreDaemon.framework/Versions/B/CoreDaemon
0x000000000443e000 	/usr/lib/libcrypto.0.9.8.dylib
0x000000000443e000 	/System/Library/PrivateFrameworks/AppleSRP.framework/Versions/A/AppleSRP
0x000000000443e000 	/System/Library/PrivateFrameworks/TrustEvaluationAgent.framework/Versions/A/TrustEvaluationAgent
0x000000019ce59000 	cl_kernels
0x000000019ce5b000 	/System/Library/Frameworks/OpenCL.framework/Versions/A/Libraries/ImageFormats/unorm8_bgra.dylib
0x000000019ce4a000 	cl_kernels
0x000000000443e000 	/System/Library/PrivateFrameworks/FamilyControls.framework/Versions/A/FamilyControls
0x000000000443e000 	/System/Library/PrivateFrameworks/CommerceKit.framework/Versions/A/Frameworks/CommerceCore.framework/Versions/A/CommerceCore
0x000000000443e000 	/System/Library/PrivateFrameworks/SystemAdministration.framework/Versions/A/SystemAdministration
0x000000000443e000 	/System/Library/PrivateFrameworks/AppContainer.framework/Versions/A/AppContainer
0x000000000443e000 	/System/Library/PrivateFrameworks/SecCodeWrapper.framework/Versions/A/SecCodeWrapper
0x000000000443e000 	/System/Library/Frameworks/DirectoryService.framework/Versions/A/DirectoryService
0x000000000443e000 	/System/Library/PrivateFrameworks/LoginUIKit.framework/Versions/A/Frameworks/LoginUICore.framework/Versions/A/LoginUICore
0x000000000443e000 	/usr/lib/libodfde.dylib
0x000000019e0ed000 	/Users/Jackgan/Desktop/BlueJ 3.1.7/BlueJ.app/Contents/Frameworks/jdk.framework/Versions/A/Contents/Home/jre/lib/libfontmanager.dylib
0x000000000443e000 	/System/Library/Frameworks/OpenGL.framework/Versions/A/Resources/GLEngine.bundle/GLEngine
0x000000000443e000 	/System/Library/Frameworks/OpenGL.framework/Versions/A/Libraries/libGLProgrammability.dylib
0x000000019e4bc000 	/System/Library/Extensions/AppleIntelBDWGraphicsGLDriver.bundle/Contents/MacOS/AppleIntelBDWGraphicsGLDriver
0x000000000443e000 	/System/Library/PrivateFrameworks/IOAccelerator.framework/Versions/A/IOAccelerator
0x000000000443e000 	/System/Library/PrivateFrameworks/GPUSupport.framework/Versions/A/Libraries/libGPUSupportMercury.dylib
0x000000000443e000 	/System/Library/Frameworks/OpenGL.framework/Versions/A/Resources/GLRendererFloat.bundle/GLRendererFloat
0x000000019ce4e000 	/Users/Jackgan/Desktop/BlueJ 3.1.7/BlueJ.app/Contents/Frameworks/jdk.framework/Versions/A/Contents/Home/jre/lib/libosxui.dylib
0x00000001a14aa000 	/Users/Jackgan/Desktop/BlueJ 3.1.7/BlueJ.app/Contents/Frameworks/jdk.framework/Versions/A/Contents/Home/jre/lib/libnet.dylib
0x00000001a12bb000 	/Users/Jackgan/Desktop/BlueJ 3.1.7/BlueJ.app/Contents/Frameworks/jdk.framework/Versions/A/Contents/Home/jre/lib/libnio.dylib
0x000000000443e000 	/System/Library/Frameworks/ApplicationServices.framework/Versions/A/Frameworks/ATS.framework/Versions/A/Resources/libTrueTypeScaler.dylib
0x000000000443e000 	/System/Library/Frameworks/Accelerate.framework/Versions/A/Frameworks/vImage.framework/Versions/A/Libraries/libCGInterfaces.dylib

VM Arguments:
jvm_args: -ea -Djavafx.macosx.embedded=true -agentlib:jdwp=transport=dt_socket,address=127.0.0.1:51119 -Dfile.encoding=UTF-8 
java_command: bluej.runtime.ExecServer UTF-8
java_class_path (initial): /Users/Jackgan/Desktop/BlueJ 3.1.7/BlueJ.app/Contents/Resources/Java/bluejcore.jar:/Users/Jackgan/Desktop/BlueJ 3.1.7/BlueJ.app/Contents/Resources/Java/junit-4.8.2.jar:/Users/Jackgan/Desktop/BlueJ 3.1.7/BlueJ.app/Contents/Resources/Java/userlib/ecs100.jar:/Users/Jackgan/Desktop/BlueJ 3.1.7/BlueJ.app/Contents/Resources/Java/userlib/pi4j-core.jar:/Users/Jackgan/Desktop/BlueJ 3.1.7/BlueJ.app/Contents/Resources/Java/userlib/pi4j-device.jar:/Users/Jackgan/Desktop/BlueJ 3.1.7/BlueJ.app/Contents/Resources/Java/userlib/pi4j-gpio-extension.jar:/Users/Jackgan/Desktop/BlueJ 3.1.7/BlueJ.app/Contents/Resources/Java/userlib/pi4j-service.jar
Launcher Type: SUN_STANDARD

Environment Variables:
PATH=/usr/bin:/bin:/usr/sbin:/sbin
SHELL=/bin/bash

Signal Handlers:
SIGSEGV: [libjvm.dylib+0x5a6855], sa_mask[0]=11111111011111110111111111111111, sa_flags=SA_ONSTACK|SA_RESTART|SA_SIGINFO
SIGBUS: [libjvm.dylib+0x5a6855], sa_mask[0]=11111111011111110111111111111111, sa_flags=SA_RESTART|SA_SIGINFO
SIGFPE: [libjvm.dylib+0x4804ec], sa_mask[0]=11111111011111110111111111111111, sa_flags=SA_RESTART|SA_SIGINFO
SIGPIPE: [libjvm.dylib+0x4804ec], sa_mask[0]=11111111011111110111111111111111, sa_flags=SA_RESTART|SA_SIGINFO
SIGXFSZ: [libjvm.dylib+0x4804ec], sa_mask[0]=11111111011111110111111111111111, sa_flags=SA_RESTART|SA_SIGINFO
SIGILL: [libjvm.dylib+0x4804ec], sa_mask[0]=11111111011111110111111111111111, sa_flags=SA_RESTART|SA_SIGINFO
SIGUSR1: SIG_DFL, sa_mask[0]=00000000000000000000000000000000, sa_flags=none
SIGUSR2: [libjvm.dylib+0x48000a], sa_mask[0]=00100000000000000000000000000000, sa_flags=SA_RESTART|SA_SIGINFO
SIGHUP: [libjvm.dylib+0x47e5e1], sa_mask[0]=11111111011111110111111111111111, sa_flags=SA_RESTART|SA_SIGINFO
SIGINT: [libjvm.dylib+0x47e5e1], sa_mask[0]=11111111011111110111111111111111, sa_flags=SA_RESTART|SA_SIGINFO
SIGTERM: [libjvm.dylib+0x47e5e1], sa_mask[0]=11111111011111110111111111111111, sa_flags=SA_RESTART|SA_SIGINFO
SIGQUIT: [libjvm.dylib+0x47e5e1], sa_mask[0]=11111111011111110111111111111111, sa_flags=SA_RESTART|SA_SIGINFO


---------------  S Y S T E M  ---------------

OS:Bsduname:Darwin 14.5.0 Darwin Kernel Version 14.5.0: Wed Jul 29 02:26:53 PDT 2015; root:xnu-2782.40.9~1/RELEASE_X86_64 x86_64
rlimit: STACK 8192k, CORE 0k, NPROC 709, NOFILE 10240, AS infinity
load average:2.76 2.36 2.38

CPU:total 4 (2 cores per cpu, 2 threads per core) family 6 model 61 stepping 4, cmov, cx8, fxsr, mmx, sse, sse2, sse3, ssse3, sse4.1, sse4.2, popcnt, avx, avx2, aes, clmul, erms, 3dnowpref, lzcnt, ht, tsc, tscinvbit, bmi1, bmi2, adx

Memory: 4k page, physical 4194304k(212112k free)

/proc/meminfo:


vm_info: Java HotSpot(TM) 64-Bit Server VM (25.74-b02) for bsd-amd64 JRE (1.8.0_74-b02), built on Jan 29 2016 15:32:34 by "java_re" with gcc 4.2.1 (Based on Apple Inc. build 5658) (LLVM build 2336.11.00)

time: Mon Apr 11 18:39:13 2016
elapsed time: 10 seconds (0d 0h 0m 10s)

